2025-08-18 09:02:56 -  - exec CUpdateClientPartner::__CollectRequestData
2025-08-18 09:02:56 -  - exec CUpdateClientPartner::GetHTTPPage
2025-08-18 09:02:57 -  - exec CUpdateClientPartner::ParseServerData
2025-08-18 09:02:57 -  - exec CUpdateClientPartner::GetUpdatesList
2025-08-18 09:02:57 -  - exec CUpdateClientPartner::__CollectRequestData
2025-08-18 09:02:57 -  - utf=Y&lang=ru&stable=Y&CANGZIP=Y&SUPD_DBS=MYSQL&XE=N&CLIENT_SITE=bitrix.drozdov&LICENSE_KEY=X&SUPD_STS=1&SUPD_URS=0&TYPENC=D&CLIENT_PHPVER=8.3.21&NGINX=Y&dbv=8.0.40&instm=main%2C25.100.500%2CY%3Bfileman%2C25.0.0%2CN%3Bbizproc%2C25.0.200%2CN%3Bblog%2C24.300.100%2CN%3Bvote%2C25.0.0%2CN%3Bworkflow%2C24.100.0%2CN%3Bmobileapp%2C24.200.0%2CN%3Bmail%2C25.0.100%2CN%3Bstatistic%2C24.100.0%2CN%3Bperfmon%2C24.200.0%2CN%3Blearning%2C24.300.0%2CN%3Blists%2C25.100.0%2CN%3Bform%2C25.0.0%2CN%3Bhighloadblock%2C24.100.0%2CN%3Bsender%2C24.400.100%2CN%3Bsearch%2C25.0.0%2CN%3Brest%2C25.300.100%2CN%3Bsupport%2C24.100.0%2CN%3Bbitrix.eshop%2C24.100.0%2CN%3Blocation%2C25.100.0%2CN%3Bidea%2C24.100.100%2CN%3Bpull%2C25.200.100%2CN%3Btranslate%2C25.0.0%2CN%3Bb24connector%2C24.0.100%2CN%3Bbizprocdesigner%2C25.0.0%2CN%3Blanding%2C24.800.300%2CN%3Bim%2C25.100.200%2CN%3Bstoreassist%2C24.0.0%2CN%3Bbitrixcloud%2C25.0.0%2CN%3Bwiki%2C24.100.0%2CN%3Bphotogallery%2C25.0.0%2CN%3Bsale%2C25.0.200%2CN%3Bsecurity%2C24.0.300%2CN%3Bcurrency%2C24.100.0%2CN%3Biblock%2C25.0.100%2CN%3Bbitrix.sitecorporate%2C24.0.0%2CN%3Bcatalog%2C25.0.100%2CN%3Bsubscribe%2C24.0.0%2CN%3Badvertising%2C24.100.0%2CN%3Bsocialservices%2C24.200.100%2CN%3Bsocialnetwork%2C24.400.100%2CN%3Breport%2C24.100.100%2CN%3Bconversion%2C24.0.0%2CN%3Bcalendar%2C24.600.0%2CN%3Bmessageservice%2C24.900.100%2CN%3Bwebservice%2C24.100.0%2CN%3Bforum%2C25.200.0%2CN%3Babtest%2C24.100.0%2CN%3Bseo%2C24.700.100%2CN%3Bui%2C25.50.200%2CN%3Bclouds%2C25.100.0%2CN&reqm=bitrix.eshop%2Cbitrix.sitecorporate&fullmoduleinfo=Y&SUPD_SRS=RU&SUPD_CMP=N
2025-08-18 09:02:57 -  - exec CUpdateClientPartner::GetHTTPPage
2025-08-18 09:02:57 -  - TIME GetUpdatesList(request) 0.792 sec
2025-08-18 09:02:57 -  - exec CUpdateClientPartner::ParseServerData
2025-08-18 09:02:57 -  - exec CUpdateClientPartner::__CollectRequestData
2025-08-18 09:02:57 -  - exec CUpdateClientPartner::GetHTTPPage
2025-08-18 09:02:58 -  - exec CUpdateClientPartner::ParseServerData
2025-08-19 09:04:44 -  - exec CUpdateClientPartner::__CollectRequestData
2025-08-19 09:04:44 -  - exec CUpdateClientPartner::GetHTTPPage
2025-08-19 09:04:44 -  - exec CUpdateClientPartner::ParseServerData
2025-08-19 09:04:44 -  - exec CUpdateClientPartner::GetUpdatesList
2025-08-19 09:04:44 -  - exec CUpdateClientPartner::__CollectRequestData
2025-08-19 09:04:44 -  - utf=Y&lang=ru&stable=Y&CANGZIP=Y&SUPD_DBS=MYSQL&XE=N&CLIENT_SITE=bitrix.drozdov&LICENSE_KEY=X&SUPD_STS=1&SUPD_URS=0&TYPENC=D&CLIENT_PHPVER=8.3.21&NGINX=Y&dbv=8.0.40&instm=main%2C25.100.500%2CY%3Bfileman%2C25.0.0%2CN%3Bbizproc%2C25.0.200%2CN%3Bblog%2C24.300.100%2CN%3Bvote%2C25.0.0%2CN%3Bworkflow%2C24.100.0%2CN%3Bmobileapp%2C24.200.0%2CN%3Bmail%2C25.0.100%2CN%3Bstatistic%2C24.100.0%2CN%3Bperfmon%2C24.200.0%2CN%3Blearning%2C24.300.0%2CN%3Blists%2C25.100.0%2CN%3Bform%2C25.0.0%2CN%3Bhighloadblock%2C24.100.0%2CN%3Bsender%2C24.400.100%2CN%3Bsearch%2C25.0.0%2CN%3Brest%2C25.300.100%2CN%3Bsupport%2C24.100.0%2CN%3Bbitrix.eshop%2C24.100.0%2CN%3Blocation%2C25.100.0%2CN%3Bidea%2C24.100.100%2CN%3Bpull%2C25.200.100%2CN%3Btranslate%2C25.0.0%2CN%3Bb24connector%2C24.0.100%2CN%3Bbizprocdesigner%2C25.0.0%2CN%3Blanding%2C24.800.300%2CN%3Bim%2C25.100.200%2CN%3Bstoreassist%2C24.0.0%2CN%3Bbitrixcloud%2C25.0.0%2CN%3Bwiki%2C24.100.0%2CN%3Bphotogallery%2C25.0.0%2CN%3Bsale%2C25.0.200%2CN%3Bsecurity%2C24.0.300%2CN%3Bcurrency%2C24.100.0%2CN%3Biblock%2C25.0.100%2CN%3Bbitrix.sitecorporate%2C24.0.0%2CN%3Bcatalog%2C25.0.100%2CN%3Bsubscribe%2C24.0.0%2CN%3Badvertising%2C24.100.0%2CN%3Bsocialservices%2C24.200.100%2CN%3Bsocialnetwork%2C24.400.100%2CN%3Breport%2C24.100.100%2CN%3Bconversion%2C24.0.0%2CN%3Bcalendar%2C24.600.0%2CN%3Bmessageservice%2C24.900.100%2CN%3Bwebservice%2C24.100.0%2CN%3Bforum%2C25.200.0%2CN%3Babtest%2C24.100.0%2CN%3Bseo%2C24.700.100%2CN%3Bui%2C25.50.200%2CN%3Bclouds%2C25.100.0%2CN&reqm=bitrix.eshop%2Cbitrix.sitecorporate&fullmoduleinfo=Y&SUPD_SRS=RU&SUPD_CMP=N
2025-08-19 09:04:44 -  - exec CUpdateClientPartner::GetHTTPPage
2025-08-19 09:04:44 -  - TIME GetUpdatesList(request) 0.258 sec
2025-08-19 09:04:44 -  - exec CUpdateClientPartner::ParseServerData
2025-08-19 09:04:44 -  - exec CUpdateClientPartner::__CollectRequestData
2025-08-19 09:04:44 -  - exec CUpdateClientPartner::GetHTTPPage
2025-08-19 09:04:44 -  - exec CUpdateClientPartner::ParseServerData
2025-08-20 09:05:21 -  - exec CUpdateClientPartner::__CollectRequestData
2025-08-20 09:05:21 -  - exec CUpdateClientPartner::GetHTTPPage
2025-08-20 09:05:21 -  - exec CUpdateClientPartner::ParseServerData
2025-08-20 09:05:21 -  - exec CUpdateClientPartner::GetUpdatesList
2025-08-20 09:05:21 -  - exec CUpdateClientPartner::__CollectRequestData
2025-08-20 09:05:21 -  - utf=Y&lang=ru&stable=Y&CANGZIP=Y&SUPD_DBS=MYSQL&XE=N&CLIENT_SITE=bitrix.drozdov&LICENSE_KEY=X&SUPD_STS=1&SUPD_URS=0&TYPENC=D&CLIENT_PHPVER=8.3.21&NGINX=Y&dbv=8.0.40&instm=main%2C25.100.500%2CY%3Bfileman%2C25.0.0%2CN%3Bbizproc%2C25.0.200%2CN%3Bblog%2C24.300.100%2CN%3Bvote%2C25.0.0%2CN%3Bworkflow%2C24.100.0%2CN%3Bmobileapp%2C24.200.0%2CN%3Bmail%2C25.0.100%2CN%3Bstatistic%2C24.100.0%2CN%3Bperfmon%2C24.200.0%2CN%3Blearning%2C24.300.0%2CN%3Blists%2C25.100.0%2CN%3Bform%2C25.0.0%2CN%3Bhighloadblock%2C24.100.0%2CN%3Bsender%2C24.400.100%2CN%3Bsearch%2C25.0.0%2CN%3Brest%2C25.300.100%2CN%3Bsupport%2C24.100.0%2CN%3Bbitrix.eshop%2C24.100.0%2CN%3Blocation%2C25.100.0%2CN%3Bidea%2C24.100.100%2CN%3Bpull%2C25.200.100%2CN%3Btranslate%2C25.0.0%2CN%3Bb24connector%2C24.0.100%2CN%3Bbizprocdesigner%2C25.0.0%2CN%3Blanding%2C24.800.300%2CN%3Bim%2C25.100.200%2CN%3Bstoreassist%2C24.0.0%2CN%3Bbitrixcloud%2C25.0.0%2CN%3Bwiki%2C24.100.0%2CN%3Bphotogallery%2C25.0.0%2CN%3Bsale%2C25.0.200%2CN%3Bsecurity%2C24.0.300%2CN%3Bcurrency%2C24.100.0%2CN%3Biblock%2C25.0.100%2CN%3Bbitrix.sitecorporate%2C24.0.0%2CN%3Bcatalog%2C25.0.100%2CN%3Bsubscribe%2C24.0.0%2CN%3Badvertising%2C24.100.0%2CN%3Bsocialservices%2C24.200.100%2CN%3Bsocialnetwork%2C24.400.100%2CN%3Breport%2C24.100.100%2CN%3Bconversion%2C24.0.0%2CN%3Bcalendar%2C24.600.0%2CN%3Bmessageservice%2C24.900.100%2CN%3Bwebservice%2C24.100.0%2CN%3Bforum%2C25.200.0%2CN%3Babtest%2C24.100.0%2CN%3Bseo%2C24.700.100%2CN%3Bui%2C25.50.200%2CN%3Bclouds%2C25.100.0%2CN&reqm=bitrix.eshop%2Cbitrix.sitecorporate&fullmoduleinfo=Y&SUPD_SRS=RU&SUPD_CMP=N
2025-08-20 09:05:21 -  - exec CUpdateClientPartner::GetHTTPPage
2025-08-20 09:05:22 -  - TIME GetUpdatesList(request) 0.308 sec
2025-08-20 09:05:22 -  - exec CUpdateClientPartner::ParseServerData
2025-08-20 09:05:22 -  - exec CUpdateClientPartner::__CollectRequestData
2025-08-20 09:05:22 -  - exec CUpdateClientPartner::GetHTTPPage
2025-08-20 09:05:22 -  - exec CUpdateClientPartner::ParseServerData
2025-08-21 09:05:34 -  - exec CUpdateClientPartner::__CollectRequestData
2025-08-21 09:05:34 -  - exec CUpdateClientPartner::GetHTTPPage
2025-08-21 09:05:35 -  - exec CUpdateClientPartner::ParseServerData
2025-08-21 09:05:35 -  - exec CUpdateClientPartner::GetUpdatesList
2025-08-21 09:05:35 -  - exec CUpdateClientPartner::__CollectRequestData
2025-08-21 09:05:35 -  - utf=Y&lang=ru&stable=Y&CANGZIP=Y&SUPD_DBS=MYSQL&XE=N&CLIENT_SITE=bitrix.drozdov&LICENSE_KEY=X&SUPD_STS=1&SUPD_URS=0&TYPENC=D&CLIENT_PHPVER=8.3.21&NGINX=Y&dbv=8.0.40&instm=main%2C25.100.500%2CY%3Bfileman%2C25.0.0%2CN%3Bbizproc%2C25.0.200%2CN%3Bblog%2C24.300.100%2CN%3Bvote%2C25.0.0%2CN%3Bworkflow%2C24.100.0%2CN%3Bmobileapp%2C24.200.0%2CN%3Bmail%2C25.0.100%2CN%3Bstatistic%2C24.100.0%2CN%3Bperfmon%2C24.200.0%2CN%3Blearning%2C24.300.0%2CN%3Blists%2C25.100.0%2CN%3Bform%2C25.0.0%2CN%3Bhighloadblock%2C24.100.0%2CN%3Bsender%2C24.400.100%2CN%3Bsearch%2C25.0.0%2CN%3Brest%2C25.300.100%2CN%3Bsupport%2C24.100.0%2CN%3Bbitrix.eshop%2C24.100.0%2CN%3Blocation%2C25.100.0%2CN%3Bidea%2C24.100.100%2CN%3Bpull%2C25.200.100%2CN%3Btranslate%2C25.0.0%2CN%3Bb24connector%2C24.0.100%2CN%3Bbizprocdesigner%2C25.0.0%2CN%3Blanding%2C24.800.300%2CN%3Bim%2C25.100.200%2CN%3Bstoreassist%2C24.0.0%2CN%3Bbitrixcloud%2C25.0.0%2CN%3Bwiki%2C24.100.0%2CN%3Bphotogallery%2C25.0.0%2CN%3Bsale%2C25.0.200%2CN%3Bsecurity%2C24.0.300%2CN%3Bcurrency%2C24.100.0%2CN%3Biblock%2C25.0.100%2CN%3Bbitrix.sitecorporate%2C24.0.0%2CN%3Bcatalog%2C25.0.100%2CN%3Bsubscribe%2C24.0.0%2CN%3Badvertising%2C24.100.0%2CN%3Bsocialservices%2C24.200.100%2CN%3Bsocialnetwork%2C24.400.100%2CN%3Breport%2C24.100.100%2CN%3Bconversion%2C24.0.0%2CN%3Bcalendar%2C24.600.0%2CN%3Bmessageservice%2C24.900.100%2CN%3Bwebservice%2C24.100.0%2CN%3Bforum%2C25.200.0%2CN%3Babtest%2C24.100.0%2CN%3Bseo%2C24.700.100%2CN%3Bui%2C25.50.200%2CN%3Bclouds%2C25.100.0%2CN&reqm=bitrix.eshop%2Cbitrix.sitecorporate&fullmoduleinfo=Y&SUPD_SRS=RU&SUPD_CMP=N
2025-08-21 09:05:35 -  - exec CUpdateClientPartner::GetHTTPPage
2025-08-21 09:05:35 -  - TIME GetUpdatesList(request) 0.288 sec
2025-08-21 09:05:35 -  - exec CUpdateClientPartner::ParseServerData
2025-08-21 09:05:35 -  - exec CUpdateClientPartner::__CollectRequestData
2025-08-21 09:05:35 -  - exec CUpdateClientPartner::GetHTTPPage
2025-08-21 09:05:35 -  - exec CUpdateClientPartner::ParseServerData
2025-08-22 09:05:58 -  - exec CUpdateClientPartner::__CollectRequestData
2025-08-22 09:05:58 -  - exec CUpdateClientPartner::GetHTTPPage
2025-08-22 09:05:58 -  - exec CUpdateClientPartner::ParseServerData
2025-08-22 09:05:58 -  - exec CUpdateClientPartner::GetUpdatesList
2025-08-22 09:05:58 -  - exec CUpdateClientPartner::__CollectRequestData
2025-08-22 09:05:58 -  - utf=Y&lang=ru&stable=Y&CANGZIP=Y&SUPD_DBS=MYSQL&XE=N&CLIENT_SITE=bitrix.drozdov&LICENSE_KEY=X&SUPD_STS=1&SUPD_URS=0&TYPENC=D&CLIENT_PHPVER=8.3.21&NGINX=Y&dbv=8.0.40&instm=main%2C25.100.500%2CY%3Bfileman%2C25.0.0%2CN%3Bbizproc%2C25.0.200%2CN%3Bblog%2C24.300.100%2CN%3Bvote%2C25.0.0%2CN%3Bworkflow%2C24.100.0%2CN%3Bmobileapp%2C24.200.0%2CN%3Bmail%2C25.0.100%2CN%3Bstatistic%2C24.100.0%2CN%3Bperfmon%2C24.200.0%2CN%3Blearning%2C24.300.0%2CN%3Blists%2C25.100.0%2CN%3Bform%2C25.0.0%2CN%3Bhighloadblock%2C24.100.0%2CN%3Bsender%2C24.400.100%2CN%3Bsearch%2C25.0.0%2CN%3Brest%2C25.300.100%2CN%3Bsupport%2C24.100.0%2CN%3Bbitrix.eshop%2C24.100.0%2CN%3Blocation%2C25.100.0%2CN%3Bidea%2C24.100.100%2CN%3Bpull%2C25.200.100%2CN%3Btranslate%2C25.0.0%2CN%3Bb24connector%2C24.0.100%2CN%3Bbizprocdesigner%2C25.0.0%2CN%3Blanding%2C24.800.300%2CN%3Bim%2C25.100.200%2CN%3Bstoreassist%2C24.0.0%2CN%3Bbitrixcloud%2C25.0.0%2CN%3Bwiki%2C24.100.0%2CN%3Bphotogallery%2C25.0.0%2CN%3Bsale%2C25.0.200%2CN%3Bsecurity%2C24.0.300%2CN%3Bcurrency%2C24.100.0%2CN%3Biblock%2C25.0.100%2CN%3Bbitrix.sitecorporate%2C24.0.0%2CN%3Bcatalog%2C25.0.100%2CN%3Bsubscribe%2C24.0.0%2CN%3Badvertising%2C24.100.0%2CN%3Bsocialservices%2C24.200.100%2CN%3Bsocialnetwork%2C24.400.100%2CN%3Breport%2C24.100.100%2CN%3Bconversion%2C24.0.0%2CN%3Bcalendar%2C24.600.0%2CN%3Bmessageservice%2C24.900.100%2CN%3Bwebservice%2C24.100.0%2CN%3Bforum%2C25.200.0%2CN%3Babtest%2C24.100.0%2CN%3Bseo%2C24.700.100%2CN%3Bui%2C25.50.200%2CN%3Bclouds%2C25.100.0%2CN&reqm=bitrix.eshop%2Cbitrix.sitecorporate&fullmoduleinfo=Y&SUPD_SRS=RU&SUPD_CMP=N
2025-08-22 09:05:58 -  - exec CUpdateClientPartner::GetHTTPPage
2025-08-22 09:05:59 -  - TIME GetUpdatesList(request) 0.241 sec
2025-08-22 09:05:59 -  - exec CUpdateClientPartner::ParseServerData
2025-08-22 09:05:59 -  - exec CUpdateClientPartner::__CollectRequestData
2025-08-22 09:05:59 -  - exec CUpdateClientPartner::GetHTTPPage
2025-08-22 09:05:59 -  - exec CUpdateClientPartner::ParseServerData
2025-08-25 08:33:58 -  - exec CUpdateClientPartner::__CollectRequestData
2025-08-25 08:33:58 -  - exec CUpdateClientPartner::GetHTTPPage
2025-08-25 08:33:59 -  - exec CUpdateClientPartner::ParseServerData
2025-08-25 08:33:59 -  - exec CUpdateClientPartner::GetUpdatesList
2025-08-25 08:33:59 -  - exec CUpdateClientPartner::__CollectRequestData
2025-08-25 08:33:59 -  - utf=Y&lang=ru&stable=Y&CANGZIP=Y&SUPD_DBS=MYSQL&XE=N&CLIENT_SITE=bitrix.drozdov&LICENSE_KEY=X&SUPD_STS=1&SUPD_URS=0&TYPENC=D&CLIENT_PHPVER=8.3.21&NGINX=Y&dbv=8.0.40&instm=main%2C25.100.500%2CY%3Bfileman%2C25.0.0%2CN%3Bbizproc%2C25.0.200%2CN%3Bblog%2C24.300.100%2CN%3Bvote%2C25.0.0%2CN%3Bworkflow%2C24.100.0%2CN%3Bmobileapp%2C24.200.0%2CN%3Bmail%2C25.0.100%2CN%3Bstatistic%2C24.100.0%2CN%3Bperfmon%2C24.200.0%2CN%3Blearning%2C24.300.0%2CN%3Blists%2C25.100.0%2CN%3Bform%2C25.0.0%2CN%3Bhighloadblock%2C24.100.0%2CN%3Bsender%2C24.400.100%2CN%3Bsearch%2C25.0.0%2CN%3Brest%2C25.300.100%2CN%3Bsupport%2C24.100.0%2CN%3Bbitrix.eshop%2C24.100.0%2CN%3Blocation%2C25.100.0%2CN%3Bidea%2C24.100.100%2CN%3Bpull%2C25.200.100%2CN%3Btranslate%2C25.0.0%2CN%3Bb24connector%2C24.0.100%2CN%3Bbizprocdesigner%2C25.0.0%2CN%3Blanding%2C24.800.300%2CN%3Bim%2C25.100.200%2CN%3Bstoreassist%2C24.0.0%2CN%3Bbitrixcloud%2C25.0.0%2CN%3Bwiki%2C24.100.0%2CN%3Bphotogallery%2C25.0.0%2CN%3Bsale%2C25.0.200%2CN%3Bsecurity%2C24.0.300%2CN%3Bcurrency%2C24.100.0%2CN%3Biblock%2C25.0.100%2CN%3Bbitrix.sitecorporate%2C24.0.0%2CN%3Bcatalog%2C25.0.100%2CN%3Bsubscribe%2C24.0.0%2CN%3Badvertising%2C24.100.0%2CN%3Bsocialservices%2C24.200.100%2CN%3Bsocialnetwork%2C24.400.100%2CN%3Breport%2C24.100.100%2CN%3Bconversion%2C24.0.0%2CN%3Bcalendar%2C24.600.0%2CN%3Bmessageservice%2C24.900.100%2CN%3Bwebservice%2C24.100.0%2CN%3Bforum%2C25.200.0%2CN%3Babtest%2C24.100.0%2CN%3Bseo%2C24.700.100%2CN%3Bui%2C25.50.200%2CN%3Bclouds%2C25.100.0%2CN&reqm=bitrix.eshop%2Cbitrix.sitecorporate&fullmoduleinfo=Y&SUPD_SRS=RU&SUPD_CMP=N
2025-08-25 08:33:59 -  - exec CUpdateClientPartner::GetHTTPPage
2025-08-25 08:33:59 -  - TIME GetUpdatesList(request) 0.201 sec
2025-08-25 08:33:59 -  - exec CUpdateClientPartner::ParseServerData
2025-08-25 08:33:59 -  - exec CUpdateClientPartner::__CollectRequestData
2025-08-25 08:33:59 -  - exec CUpdateClientPartner::GetHTTPPage
2025-08-25 08:33:59 -  - exec CUpdateClientPartner::ParseServerData
2025-08-25 08:49:27 -  - exec CUpdateClientPartner::GetUpdatesList
2025-08-25 08:49:27 -  - exec CUpdateClientPartner::__CollectRequestData
2025-08-25 08:49:27 -  - utf=Y&lang=ru&stable=Y&CANGZIP=Y&SUPD_DBS=MYSQL&XE=N&CLIENT_SITE=bitrix.drozdov&LICENSE_KEY=X&SUPD_STS=1&SUPD_URS=0&TYPENC=D&CLIENT_PHPVER=8.3.21&NGINX=Y&dbv=8.0.40&instm=main%2C25.100.500%2CY%3Bfileman%2C25.0.0%2CN%3Bbizproc%2C25.0.200%2CN%3Bblog%2C24.300.100%2CN%3Bvote%2C25.0.0%2CN%3Bworkflow%2C24.100.0%2CN%3Bmobileapp%2C24.200.0%2CN%3Bmail%2C25.0.100%2CN%3Bstatistic%2C24.100.0%2CN%3Bperfmon%2C24.200.0%2CN%3Blearning%2C24.300.0%2CN%3Blists%2C25.100.0%2CN%3Bform%2C25.0.0%2CN%3Bhighloadblock%2C24.100.0%2CN%3Bsender%2C24.400.100%2CN%3Bsearch%2C25.0.0%2CN%3Brest%2C25.300.100%2CN%3Bsupport%2C24.100.0%2CN%3Bbitrix.eshop%2C24.100.0%2CN%3Blocation%2C25.100.0%2CN%3Bidea%2C24.100.100%2CN%3Bpull%2C25.200.100%2CN%3Btranslate%2C25.0.0%2CN%3Bb24connector%2C24.0.100%2CN%3Bbizprocdesigner%2C25.0.0%2CN%3Blanding%2C24.800.300%2CN%3Bim%2C25.100.200%2CN%3Bstoreassist%2C24.0.0%2CN%3Bbitrixcloud%2C25.0.0%2CN%3Bwiki%2C24.100.0%2CN%3Bphotogallery%2C25.0.0%2CN%3Bsale%2C25.0.200%2CN%3Bsecurity%2C24.0.300%2CN%3Bcurrency%2C24.100.0%2CN%3Biblock%2C25.0.100%2CN%3Bbitrix.sitecorporate%2C24.0.0%2CN%3Bcatalog%2C25.0.100%2CN%3Bsubscribe%2C24.0.0%2CN%3Badvertising%2C24.100.0%2CN%3Bsocialservices%2C24.200.100%2CN%3Bsocialnetwork%2C24.400.100%2CN%3Breport%2C24.100.100%2CN%3Bconversion%2C24.0.0%2CN%3Bcalendar%2C24.600.0%2CN%3Bmessageservice%2C24.900.100%2CN%3Bwebservice%2C24.100.0%2CN%3Bforum%2C25.200.0%2CN%3Babtest%2C24.100.0%2CN%3Bseo%2C24.700.100%2CN%3Bui%2C25.50.200%2CN%3Bclouds%2C25.100.0%2CN&reqm=bitrix.eshop%2Cbitrix.sitecorporate%2Casd.iblock&SUPD_SRS=RU&SUPD_CMP=N
2025-08-25 08:49:27 -  - exec CUpdateClientPartner::GetHTTPPage
2025-08-25 08:49:27 -  - TIME GetUpdatesList(request) 0.206 sec
2025-08-25 08:49:27 -  - exec CUpdateClientPartner::ParseServerData
2025-08-25 08:49:32 -  - exec CUpdateClientPartner::LoadModulesUpdates
2025-08-25 08:49:32 -  - exec CUpdateClientPartner::__CollectRequestData
2025-08-25 08:49:32 -  - utf=Y&lang=ru&stable=Y&CANGZIP=Y&SUPD_DBS=MYSQL&XE=N&CLIENT_SITE=bitrix.drozdov&LICENSE_KEY=X&SUPD_STS=1&SUPD_URS=0&TYPENC=D&CLIENT_PHPVER=8.3.21&NGINX=Y&dbv=8.0.40&instm=main%2C25.100.500%2CY%3Bfileman%2C25.0.0%2CN%3Bbizproc%2C25.0.200%2CN%3Bblog%2C24.300.100%2CN%3Bvote%2C25.0.0%2CN%3Bworkflow%2C24.100.0%2CN%3Bmobileapp%2C24.200.0%2CN%3Bmail%2C25.0.100%2CN%3Bstatistic%2C24.100.0%2CN%3Bperfmon%2C24.200.0%2CN%3Blearning%2C24.300.0%2CN%3Blists%2C25.100.0%2CN%3Bform%2C25.0.0%2CN%3Bhighloadblock%2C24.100.0%2CN%3Bsender%2C24.400.100%2CN%3Bsearch%2C25.0.0%2CN%3Brest%2C25.300.100%2CN%3Bsupport%2C24.100.0%2CN%3Bbitrix.eshop%2C24.100.0%2CN%3Blocation%2C25.100.0%2CN%3Bidea%2C24.100.100%2CN%3Bpull%2C25.200.100%2CN%3Btranslate%2C25.0.0%2CN%3Bb24connector%2C24.0.100%2CN%3Bbizprocdesigner%2C25.0.0%2CN%3Blanding%2C24.800.300%2CN%3Bim%2C25.100.200%2CN%3Bstoreassist%2C24.0.0%2CN%3Bbitrixcloud%2C25.0.0%2CN%3Bwiki%2C24.100.0%2CN%3Bphotogallery%2C25.0.0%2CN%3Bsale%2C25.0.200%2CN%3Bsecurity%2C24.0.300%2CN%3Bcurrency%2C24.100.0%2CN%3Biblock%2C25.0.100%2CN%3Bbitrix.sitecorporate%2C24.0.0%2CN%3Bcatalog%2C25.0.100%2CN%3Bsubscribe%2C24.0.0%2CN%3Badvertising%2C24.100.0%2CN%3Bsocialservices%2C24.200.100%2CN%3Bsocialnetwork%2C24.400.100%2CN%3Breport%2C24.100.100%2CN%3Bconversion%2C24.0.0%2CN%3Bcalendar%2C24.600.0%2CN%3Bmessageservice%2C24.900.100%2CN%3Bwebservice%2C24.100.0%2CN%3Bforum%2C25.200.0%2CN%3Babtest%2C24.100.0%2CN%3Bseo%2C24.700.100%2CN%3Bui%2C25.50.200%2CN%3Bclouds%2C25.100.0%2CN&reqm=asd.iblock&lim=Y&SUPD_SRS=RU&SUPD_CMP=N
2025-08-25 08:49:32 -  - exec CUpdateClientPartner::GetHTTPPage
2025-08-25 08:49:32 -  - TIME LoadModulesUpdates(request) 0.3 sec
2025-08-25 08:49:32 -  - exec CUpdateClientPartner::ParseServerData
2025-08-25 08:49:32 - S - STEP
2025-08-25 08:49:32 - LMU01 - LoadModulesUpdates-Step
2025-08-25 08:49:33 -  - exec CUpdateClientPartner::LoadModulesUpdates
2025-08-25 08:49:33 -  - exec CUpdateClientPartner::ParseServerData
2025-08-25 08:49:33 -  - loadFile
2025-08-25 08:49:33 - U - RETURN
2025-08-25 08:49:33 -  - exec CUpdateClientPartner::UnGzipArchive
2025-08-25 08:49:33 -  - TIME UnGzipArchive 0.006 sec
2025-08-25 08:49:33 -  - TIME UpdateStepModules 0.011 sec
2025-08-25 08:49:33 - UPD_SUCCESS - Updated: asd.iblock
2025-08-25 08:49:33 -  - exec CUpdateClientPartner::LoadModulesUpdates
2025-08-25 08:49:33 -  - exec CUpdateClientPartner::__CollectRequestData
2025-08-25 08:49:33 -  - utf=Y&lang=ru&stable=Y&CANGZIP=Y&SUPD_DBS=MYSQL&XE=N&CLIENT_SITE=bitrix.drozdov&LICENSE_KEY=X&SUPD_STS=1&SUPD_URS=0&TYPENC=D&CLIENT_PHPVER=8.3.21&NGINX=Y&dbv=8.0.40&instm=main%2C25.100.500%2CY%3Bfileman%2C25.0.0%2CN%3Bbizproc%2C25.0.200%2CN%3Bblog%2C24.300.100%2CN%3Bvote%2C25.0.0%2CN%3Bworkflow%2C24.100.0%2CN%3Bmobileapp%2C24.200.0%2CN%3Bmail%2C25.0.100%2CN%3Bstatistic%2C24.100.0%2CN%3Bperfmon%2C24.200.0%2CN%3Blearning%2C24.300.0%2CN%3Blists%2C25.100.0%2CN%3Bform%2C25.0.0%2CN%3Bhighloadblock%2C24.100.0%2CN%3Bsender%2C24.400.100%2CN%3Bsearch%2C25.0.0%2CN%3Brest%2C25.300.100%2CN%3Bsupport%2C24.100.0%2CN%3Bbitrix.eshop%2C24.100.0%2CN%3Blocation%2C25.100.0%2CN%3Bidea%2C24.100.100%2CN%3Basd.iblock%2C4.9.1%2CN%3Bpull%2C25.200.100%2CN%3Btranslate%2C25.0.0%2CN%3Bb24connector%2C24.0.100%2CN%3Bbizprocdesigner%2C25.0.0%2CN%3Blanding%2C24.800.300%2CN%3Bim%2C25.100.200%2CN%3Bstoreassist%2C24.0.0%2CN%3Bbitrixcloud%2C25.0.0%2CN%3Bwiki%2C24.100.0%2CN%3Bphotogallery%2C25.0.0%2CN%3Bsale%2C25.0.200%2CN%3Bsecurity%2C24.0.300%2CN%3Bcurrency%2C24.100.0%2CN%3Biblock%2C25.0.100%2CN%3Bbitrix.sitecorporate%2C24.0.0%2CN%3Bcatalog%2C25.0.100%2CN%3Bsubscribe%2C24.0.0%2CN%3Badvertising%2C24.100.0%2CN%3Bsocialservices%2C24.200.100%2CN%3Bsocialnetwork%2C24.400.100%2CN%3Breport%2C24.100.100%2CN%3Bconversion%2C24.0.0%2CN%3Bcalendar%2C24.600.0%2CN%3Bmessageservice%2C24.900.100%2CN%3Bwebservice%2C24.100.0%2CN%3Bforum%2C25.200.0%2CN%3Babtest%2C24.100.0%2CN%3Bseo%2C24.700.100%2CN%3Bui%2C25.50.200%2CN%3Bclouds%2C25.100.0%2CN&reqm=asd.iblock&lim=Y&SUPD_SRS=RU&SUPD_CMP=N
2025-08-25 08:49:33 -  - exec CUpdateClientPartner::GetHTTPPage
2025-08-25 08:49:33 -  - TIME LoadModulesUpdates(request) 0.237 sec
2025-08-25 08:49:33 -  - exec CUpdateClientPartner::ParseServerData
2025-08-25 08:49:33 - S - STEP
2025-08-25 08:49:33 - LMU01 - LoadModulesUpdates-Step
2025-08-25 08:49:33 -  - exec CUpdateClientPartner::LoadModulesUpdates
2025-08-25 08:49:33 -  - exec CUpdateClientPartner::ParseServerData
2025-08-25 08:49:33 -  - loadFile
2025-08-25 08:49:33 - U - RETURN
2025-08-25 08:49:33 -  - exec CUpdateClientPartner::UnGzipArchive
2025-08-25 08:49:33 -  - TIME UnGzipArchive 0.001 sec
2025-08-25 08:49:33 - CSURUS1 - Run updater '/bitrix/updates/update_m1756100973/asd.iblock/updater4.9.2.php'
2025-08-25 08:49:33 -  - TIME UpdateStepModules 0.002 sec
2025-08-25 08:49:33 - UPD_SUCCESS - Updated: asd.iblock (4.9.2)<br><li>Исправление ошибки редактирования в списке свойства типа \"Простой чекбокс\".
2025-08-25 08:49:33 -  - exec CUpdateClientPartner::LoadModulesUpdates
2025-08-25 08:49:33 -  - exec CUpdateClientPartner::__CollectRequestData
2025-08-25 08:49:33 -  - utf=Y&lang=ru&stable=Y&CANGZIP=Y&SUPD_DBS=MYSQL&XE=N&CLIENT_SITE=bitrix.drozdov&LICENSE_KEY=X&SUPD_STS=1&SUPD_URS=0&TYPENC=D&CLIENT_PHPVER=8.3.21&NGINX=Y&dbv=8.0.40&instm=main%2C25.100.500%2CY%3Bfileman%2C25.0.0%2CN%3Bbizproc%2C25.0.200%2CN%3Bblog%2C24.300.100%2CN%3Bvote%2C25.0.0%2CN%3Bworkflow%2C24.100.0%2CN%3Bmobileapp%2C24.200.0%2CN%3Bmail%2C25.0.100%2CN%3Bstatistic%2C24.100.0%2CN%3Bperfmon%2C24.200.0%2CN%3Blearning%2C24.300.0%2CN%3Blists%2C25.100.0%2CN%3Bform%2C25.0.0%2CN%3Bhighloadblock%2C24.100.0%2CN%3Bsender%2C24.400.100%2CN%3Bsearch%2C25.0.0%2CN%3Brest%2C25.300.100%2CN%3Bsupport%2C24.100.0%2CN%3Bbitrix.eshop%2C24.100.0%2CN%3Blocation%2C25.100.0%2CN%3Bidea%2C24.100.100%2CN%3Basd.iblock%2C4.9.2%2CN%3Bpull%2C25.200.100%2CN%3Btranslate%2C25.0.0%2CN%3Bb24connector%2C24.0.100%2CN%3Bbizprocdesigner%2C25.0.0%2CN%3Blanding%2C24.800.300%2CN%3Bim%2C25.100.200%2CN%3Bstoreassist%2C24.0.0%2CN%3Bbitrixcloud%2C25.0.0%2CN%3Bwiki%2C24.100.0%2CN%3Bphotogallery%2C25.0.0%2CN%3Bsale%2C25.0.200%2CN%3Bsecurity%2C24.0.300%2CN%3Bcurrency%2C24.100.0%2CN%3Biblock%2C25.0.100%2CN%3Bbitrix.sitecorporate%2C24.0.0%2CN%3Bcatalog%2C25.0.100%2CN%3Bsubscribe%2C24.0.0%2CN%3Badvertising%2C24.100.0%2CN%3Bsocialservices%2C24.200.100%2CN%3Bsocialnetwork%2C24.400.100%2CN%3Breport%2C24.100.100%2CN%3Bconversion%2C24.0.0%2CN%3Bcalendar%2C24.600.0%2CN%3Bmessageservice%2C24.900.100%2CN%3Bwebservice%2C24.100.0%2CN%3Bforum%2C25.200.0%2CN%3Babtest%2C24.100.0%2CN%3Bseo%2C24.700.100%2CN%3Bui%2C25.50.200%2CN%3Bclouds%2C25.100.0%2CN&reqm=asd.iblock&lim=Y&SUPD_SRS=RU&SUPD_CMP=N
2025-08-25 08:49:33 -  - exec CUpdateClientPartner::GetHTTPPage
2025-08-25 08:49:34 -  - TIME LoadModulesUpdates(request) 0.226 sec
2025-08-25 08:49:34 -  - exec CUpdateClientPartner::ParseServerData
2025-08-25 08:49:34 - S - STEP
2025-08-25 08:49:34 - LMU01 - LoadModulesUpdates-Step
2025-08-25 08:49:34 -  - exec CUpdateClientPartner::LoadModulesUpdates
2025-08-25 08:49:34 -  - exec CUpdateClientPartner::ParseServerData
2025-08-25 08:49:34 -  - loadFile
2025-08-25 08:49:34 - U - RETURN
2025-08-25 08:49:34 -  - exec CUpdateClientPartner::UnGzipArchive
2025-08-25 08:49:34 -  - TIME UnGzipArchive 0.003 sec
2025-08-25 08:49:34 - CSURUS1 - Run updater '/bitrix/updates/update_m1756100974/asd.iblock/updater4.9.3.php'
2025-08-25 08:49:34 -  - TIME UpdateStepModules 0.004 sec
2025-08-25 08:49:34 - UPD_SUCCESS - Updated: asd.iblock (4.9.3)<br><li>Изменения под старшие версии jQuery.
2025-08-25 08:49:34 -  - exec CUpdateClientPartner::LoadModulesUpdates
2025-08-25 08:49:34 -  - exec CUpdateClientPartner::__CollectRequestData
2025-08-25 08:49:34 -  - utf=Y&lang=ru&stable=Y&CANGZIP=Y&SUPD_DBS=MYSQL&XE=N&CLIENT_SITE=bitrix.drozdov&LICENSE_KEY=X&SUPD_STS=1&SUPD_URS=0&TYPENC=D&CLIENT_PHPVER=8.3.21&NGINX=Y&dbv=8.0.40&instm=main%2C25.100.500%2CY%3Bfileman%2C25.0.0%2CN%3Bbizproc%2C25.0.200%2CN%3Bblog%2C24.300.100%2CN%3Bvote%2C25.0.0%2CN%3Bworkflow%2C24.100.0%2CN%3Bmobileapp%2C24.200.0%2CN%3Bmail%2C25.0.100%2CN%3Bstatistic%2C24.100.0%2CN%3Bperfmon%2C24.200.0%2CN%3Blearning%2C24.300.0%2CN%3Blists%2C25.100.0%2CN%3Bform%2C25.0.0%2CN%3Bhighloadblock%2C24.100.0%2CN%3Bsender%2C24.400.100%2CN%3Bsearch%2C25.0.0%2CN%3Brest%2C25.300.100%2CN%3Bsupport%2C24.100.0%2CN%3Bbitrix.eshop%2C24.100.0%2CN%3Blocation%2C25.100.0%2CN%3Bidea%2C24.100.100%2CN%3Basd.iblock%2C4.9.3%2CN%3Bpull%2C25.200.100%2CN%3Btranslate%2C25.0.0%2CN%3Bb24connector%2C24.0.100%2CN%3Bbizprocdesigner%2C25.0.0%2CN%3Blanding%2C24.800.300%2CN%3Bim%2C25.100.200%2CN%3Bstoreassist%2C24.0.0%2CN%3Bbitrixcloud%2C25.0.0%2CN%3Bwiki%2C24.100.0%2CN%3Bphotogallery%2C25.0.0%2CN%3Bsale%2C25.0.200%2CN%3Bsecurity%2C24.0.300%2CN%3Bcurrency%2C24.100.0%2CN%3Biblock%2C25.0.100%2CN%3Bbitrix.sitecorporate%2C24.0.0%2CN%3Bcatalog%2C25.0.100%2CN%3Bsubscribe%2C24.0.0%2CN%3Badvertising%2C24.100.0%2CN%3Bsocialservices%2C24.200.100%2CN%3Bsocialnetwork%2C24.400.100%2CN%3Breport%2C24.100.100%2CN%3Bconversion%2C24.0.0%2CN%3Bcalendar%2C24.600.0%2CN%3Bmessageservice%2C24.900.100%2CN%3Bwebservice%2C24.100.0%2CN%3Bforum%2C25.200.0%2CN%3Babtest%2C24.100.0%2CN%3Bseo%2C24.700.100%2CN%3Bui%2C25.50.200%2CN%3Bclouds%2C25.100.0%2CN&reqm=asd.iblock&lim=Y&SUPD_SRS=RU&SUPD_CMP=N
2025-08-25 08:49:34 -  - exec CUpdateClientPartner::GetHTTPPage
2025-08-25 08:49:35 -  - TIME LoadModulesUpdates(request) 0.279 sec
2025-08-25 08:49:35 -  - exec CUpdateClientPartner::ParseServerData
2025-08-25 08:49:35 - S - STEP
2025-08-25 08:49:35 - LMU01 - LoadModulesUpdates-Step
2025-08-25 08:49:35 -  - exec CUpdateClientPartner::LoadModulesUpdates
2025-08-25 08:49:35 -  - exec CUpdateClientPartner::ParseServerData
2025-08-25 08:49:35 -  - loadFile
2025-08-25 08:49:35 - U - RETURN
2025-08-25 08:49:35 -  - exec CUpdateClientPartner::UnGzipArchive
2025-08-25 08:49:35 -  - TIME UnGzipArchive 0.001 sec
2025-08-25 08:49:35 - CSURUS1 - Run updater '/bitrix/updates/update_m1756100975/asd.iblock/updater4.9.4.php'
2025-08-25 08:49:35 -  - TIME UpdateStepModules 0.001 sec
2025-08-25 08:49:35 - UPD_SUCCESS - Updated: asd.iblock (4.9.4)<br><li>Исправлена ошибка экспорта свойств, возникающая на некоторых установках с демо-ключом.
2025-08-25 08:49:35 -  - exec CUpdateClientPartner::LoadModulesUpdates
2025-08-25 08:49:35 -  - exec CUpdateClientPartner::__CollectRequestData
2025-08-25 08:49:35 -  - utf=Y&lang=ru&stable=Y&CANGZIP=Y&SUPD_DBS=MYSQL&XE=N&CLIENT_SITE=bitrix.drozdov&LICENSE_KEY=X&SUPD_STS=1&SUPD_URS=0&TYPENC=D&CLIENT_PHPVER=8.3.21&NGINX=Y&dbv=8.0.40&instm=main%2C25.100.500%2CY%3Bfileman%2C25.0.0%2CN%3Bbizproc%2C25.0.200%2CN%3Bblog%2C24.300.100%2CN%3Bvote%2C25.0.0%2CN%3Bworkflow%2C24.100.0%2CN%3Bmobileapp%2C24.200.0%2CN%3Bmail%2C25.0.100%2CN%3Bstatistic%2C24.100.0%2CN%3Bperfmon%2C24.200.0%2CN%3Blearning%2C24.300.0%2CN%3Blists%2C25.100.0%2CN%3Bform%2C25.0.0%2CN%3Bhighloadblock%2C24.100.0%2CN%3Bsender%2C24.400.100%2CN%3Bsearch%2C25.0.0%2CN%3Brest%2C25.300.100%2CN%3Bsupport%2C24.100.0%2CN%3Bbitrix.eshop%2C24.100.0%2CN%3Blocation%2C25.100.0%2CN%3Bidea%2C24.100.100%2CN%3Basd.iblock%2C4.9.4%2CN%3Bpull%2C25.200.100%2CN%3Btranslate%2C25.0.0%2CN%3Bb24connector%2C24.0.100%2CN%3Bbizprocdesigner%2C25.0.0%2CN%3Blanding%2C24.800.300%2CN%3Bim%2C25.100.200%2CN%3Bstoreassist%2C24.0.0%2CN%3Bbitrixcloud%2C25.0.0%2CN%3Bwiki%2C24.100.0%2CN%3Bphotogallery%2C25.0.0%2CN%3Bsale%2C25.0.200%2CN%3Bsecurity%2C24.0.300%2CN%3Bcurrency%2C24.100.0%2CN%3Biblock%2C25.0.100%2CN%3Bbitrix.sitecorporate%2C24.0.0%2CN%3Bcatalog%2C25.0.100%2CN%3Bsubscribe%2C24.0.0%2CN%3Badvertising%2C24.100.0%2CN%3Bsocialservices%2C24.200.100%2CN%3Bsocialnetwork%2C24.400.100%2CN%3Breport%2C24.100.100%2CN%3Bconversion%2C24.0.0%2CN%3Bcalendar%2C24.600.0%2CN%3Bmessageservice%2C24.900.100%2CN%3Bwebservice%2C24.100.0%2CN%3Bforum%2C25.200.0%2CN%3Babtest%2C24.100.0%2CN%3Bseo%2C24.700.100%2CN%3Bui%2C25.50.200%2CN%3Bclouds%2C25.100.0%2CN&reqm=asd.iblock&lim=Y&SUPD_SRS=RU&SUPD_CMP=N
2025-08-25 08:49:35 -  - exec CUpdateClientPartner::GetHTTPPage
2025-08-25 08:49:35 -  - TIME LoadModulesUpdates(request) 0.178 sec
2025-08-25 08:49:35 -  - exec CUpdateClientPartner::ParseServerData
2025-08-25 08:49:35 - S - STEP
2025-08-25 08:49:35 - LMU01 - LoadModulesUpdates-Step
2025-08-25 08:49:35 -  - exec CUpdateClientPartner::LoadModulesUpdates
2025-08-25 08:49:35 -  - exec CUpdateClientPartner::ParseServerData
2025-08-25 08:49:35 -  - loadFile
2025-08-25 08:49:35 - U - RETURN
2025-08-25 08:49:35 -  - exec CUpdateClientPartner::UnGzipArchive
2025-08-25 08:49:35 -  - TIME UnGzipArchive 0.001 sec
2025-08-25 08:49:35 - CSURUS1 - Run updater '/bitrix/updates/update_m1756100975/asd.iblock/updater4.9.5.php'
2025-08-25 08:49:35 -  - TIME UpdateStepModules 0.001 sec
2025-08-25 08:49:35 - UPD_SUCCESS - Updated: asd.iblock (4.9.5)<br><li>Исправление ошибки редактирования в списке свойства типа \"Простой чекбокс\" (строка).
2025-08-25 08:49:36 -  - exec CUpdateClientPartner::LoadModulesUpdates
2025-08-25 08:49:36 -  - exec CUpdateClientPartner::__CollectRequestData
2025-08-25 08:49:36 -  - utf=Y&lang=ru&stable=Y&CANGZIP=Y&SUPD_DBS=MYSQL&XE=N&CLIENT_SITE=bitrix.drozdov&LICENSE_KEY=X&SUPD_STS=1&SUPD_URS=0&TYPENC=D&CLIENT_PHPVER=8.3.21&NGINX=Y&dbv=8.0.40&instm=main%2C25.100.500%2CY%3Bfileman%2C25.0.0%2CN%3Bbizproc%2C25.0.200%2CN%3Bblog%2C24.300.100%2CN%3Bvote%2C25.0.0%2CN%3Bworkflow%2C24.100.0%2CN%3Bmobileapp%2C24.200.0%2CN%3Bmail%2C25.0.100%2CN%3Bstatistic%2C24.100.0%2CN%3Bperfmon%2C24.200.0%2CN%3Blearning%2C24.300.0%2CN%3Blists%2C25.100.0%2CN%3Bform%2C25.0.0%2CN%3Bhighloadblock%2C24.100.0%2CN%3Bsender%2C24.400.100%2CN%3Bsearch%2C25.0.0%2CN%3Brest%2C25.300.100%2CN%3Bsupport%2C24.100.0%2CN%3Bbitrix.eshop%2C24.100.0%2CN%3Blocation%2C25.100.0%2CN%3Bidea%2C24.100.100%2CN%3Basd.iblock%2C4.9.5%2CN%3Bpull%2C25.200.100%2CN%3Btranslate%2C25.0.0%2CN%3Bb24connector%2C24.0.100%2CN%3Bbizprocdesigner%2C25.0.0%2CN%3Blanding%2C24.800.300%2CN%3Bim%2C25.100.200%2CN%3Bstoreassist%2C24.0.0%2CN%3Bbitrixcloud%2C25.0.0%2CN%3Bwiki%2C24.100.0%2CN%3Bphotogallery%2C25.0.0%2CN%3Bsale%2C25.0.200%2CN%3Bsecurity%2C24.0.300%2CN%3Bcurrency%2C24.100.0%2CN%3Biblock%2C25.0.100%2CN%3Bbitrix.sitecorporate%2C24.0.0%2CN%3Bcatalog%2C25.0.100%2CN%3Bsubscribe%2C24.0.0%2CN%3Badvertising%2C24.100.0%2CN%3Bsocialservices%2C24.200.100%2CN%3Bsocialnetwork%2C24.400.100%2CN%3Breport%2C24.100.100%2CN%3Bconversion%2C24.0.0%2CN%3Bcalendar%2C24.600.0%2CN%3Bmessageservice%2C24.900.100%2CN%3Bwebservice%2C24.100.0%2CN%3Bforum%2C25.200.0%2CN%3Babtest%2C24.100.0%2CN%3Bseo%2C24.700.100%2CN%3Bui%2C25.50.200%2CN%3Bclouds%2C25.100.0%2CN&reqm=asd.iblock&lim=Y&SUPD_SRS=RU&SUPD_CMP=N
2025-08-25 08:49:36 -  - exec CUpdateClientPartner::GetHTTPPage
2025-08-25 08:49:36 -  - TIME LoadModulesUpdates(request) 0.186 sec
2025-08-25 08:49:36 -  - exec CUpdateClientPartner::ParseServerData
2025-08-25 08:49:36 - STEP - Finish - NOUPDATES
2025-08-25 08:49:36 - STEP - Finish - NOUPDATES
2025-08-25 08:49:39 -  - exec CUpdateClientPartner::GetUpdatesList
2025-08-25 08:49:39 -  - exec CUpdateClientPartner::__CollectRequestData
2025-08-25 08:49:39 -  - utf=Y&lang=ru&stable=Y&CANGZIP=Y&SUPD_DBS=MYSQL&XE=N&CLIENT_SITE=bitrix.drozdov&LICENSE_KEY=X&SUPD_STS=1&SUPD_URS=0&TYPENC=D&CLIENT_PHPVER=8.3.21&NGINX=Y&dbv=8.0.40&instm=main%2C25.100.500%2CY%3Bfileman%2C25.0.0%2CN%3Bbizproc%2C25.0.200%2CN%3Bblog%2C24.300.100%2CN%3Bvote%2C25.0.0%2CN%3Bworkflow%2C24.100.0%2CN%3Bmobileapp%2C24.200.0%2CN%3Bmail%2C25.0.100%2CN%3Bstatistic%2C24.100.0%2CN%3Bperfmon%2C24.200.0%2CN%3Blearning%2C24.300.0%2CN%3Blists%2C25.100.0%2CN%3Bform%2C25.0.0%2CN%3Bhighloadblock%2C24.100.0%2CN%3Bsender%2C24.400.100%2CN%3Bsearch%2C25.0.0%2CN%3Brest%2C25.300.100%2CN%3Bsupport%2C24.100.0%2CN%3Bbitrix.eshop%2C24.100.0%2CN%3Blocation%2C25.100.0%2CN%3Bidea%2C24.100.100%2CN%3Basd.iblock%2C4.9.5%2CN%3Bpull%2C25.200.100%2CN%3Btranslate%2C25.0.0%2CN%3Bb24connector%2C24.0.100%2CN%3Bbizprocdesigner%2C25.0.0%2CN%3Blanding%2C24.800.300%2CN%3Bim%2C25.100.200%2CN%3Bstoreassist%2C24.0.0%2CN%3Bbitrixcloud%2C25.0.0%2CN%3Bwiki%2C24.100.0%2CN%3Bphotogallery%2C25.0.0%2CN%3Bsale%2C25.0.200%2CN%3Bsecurity%2C24.0.300%2CN%3Bcurrency%2C24.100.0%2CN%3Biblock%2C25.0.100%2CN%3Bbitrix.sitecorporate%2C24.0.0%2CN%3Bcatalog%2C25.0.100%2CN%3Bsubscribe%2C24.0.0%2CN%3Badvertising%2C24.100.0%2CN%3Bsocialservices%2C24.200.100%2CN%3Bsocialnetwork%2C24.400.100%2CN%3Breport%2C24.100.100%2CN%3Bconversion%2C24.0.0%2CN%3Bcalendar%2C24.600.0%2CN%3Bmessageservice%2C24.900.100%2CN%3Bwebservice%2C24.100.0%2CN%3Bforum%2C25.200.0%2CN%3Babtest%2C24.100.0%2CN%3Bseo%2C24.700.100%2CN%3Bui%2C25.50.200%2CN%3Bclouds%2C25.100.0%2CN&reqm=bitrix.eshop%2Casd.iblock%2Cbitrix.sitecorporate%2Casd.iblock&SUPD_SRS=RU&SUPD_CMP=N
2025-08-25 08:49:39 -  - exec CUpdateClientPartner::GetHTTPPage
2025-08-25 08:49:39 -  - TIME GetUpdatesList(request) 0.191 sec
2025-08-25 08:49:39 -  - exec CUpdateClientPartner::ParseServerData
2025-08-25 08:49:52 -  - exec CUpdateClientPartner::GetUpdatesList
2025-08-25 08:49:52 -  - exec CUpdateClientPartner::__CollectRequestData
2025-08-25 08:49:52 -  - utf=Y&lang=ru&stable=Y&CANGZIP=Y&SUPD_DBS=MYSQL&XE=N&CLIENT_SITE=bitrix.drozdov&LICENSE_KEY=X&SUPD_STS=1&SUPD_URS=0&TYPENC=D&CLIENT_PHPVER=8.3.21&NGINX=Y&dbv=8.0.40&instm=main%2C25.100.500%2CY%3Bfileman%2C25.0.0%2CN%3Bbizproc%2C25.0.200%2CN%3Bblog%2C24.300.100%2CN%3Bvote%2C25.0.0%2CN%3Bworkflow%2C24.100.0%2CN%3Bmobileapp%2C24.200.0%2CN%3Bmail%2C25.0.100%2CN%3Bstatistic%2C24.100.0%2CN%3Bperfmon%2C24.200.0%2CN%3Blearning%2C24.300.0%2CN%3Blists%2C25.100.0%2CN%3Bform%2C25.0.0%2CN%3Bhighloadblock%2C24.100.0%2CN%3Bsender%2C24.400.100%2CN%3Bsearch%2C25.0.0%2CN%3Brest%2C25.300.100%2CN%3Bsupport%2C24.100.0%2CN%3Bbitrix.eshop%2C24.100.0%2CN%3Blocation%2C25.100.0%2CN%3Bidea%2C24.100.100%2CN%3Basd.iblock%2C4.9.5%2CN%3Bpull%2C25.200.100%2CN%3Btranslate%2C25.0.0%2CN%3Bb24connector%2C24.0.100%2CN%3Bbizprocdesigner%2C25.0.0%2CN%3Blanding%2C24.800.300%2CN%3Bim%2C25.100.200%2CN%3Bstoreassist%2C24.0.0%2CN%3Bbitrixcloud%2C25.0.0%2CN%3Bwiki%2C24.100.0%2CN%3Bphotogallery%2C25.0.0%2CN%3Bsale%2C25.0.200%2CN%3Bsecurity%2C24.0.300%2CN%3Bcurrency%2C24.100.0%2CN%3Biblock%2C25.0.100%2CN%3Bbitrix.sitecorporate%2C24.0.0%2CN%3Bcatalog%2C25.0.100%2CN%3Bsubscribe%2C24.0.0%2CN%3Badvertising%2C24.100.0%2CN%3Bsocialservices%2C24.200.100%2CN%3Bsocialnetwork%2C24.400.100%2CN%3Breport%2C24.100.100%2CN%3Bconversion%2C24.0.0%2CN%3Bcalendar%2C24.600.0%2CN%3Bmessageservice%2C24.900.100%2CN%3Bwebservice%2C24.100.0%2CN%3Bforum%2C25.200.0%2CN%3Babtest%2C24.100.0%2CN%3Bseo%2C24.700.100%2CN%3Bui%2C25.50.200%2CN%3Bclouds%2C25.100.0%2CN&reqm=bitrix.eshop%2Casd.iblock%2Cbitrix.sitecorporate&fullmoduleinfo=Y&SUPD_SRS=RU&SUPD_CMP=N
2025-08-25 08:49:52 -  - exec CUpdateClientPartner::GetHTTPPage
2025-08-25 08:49:52 -  - TIME GetUpdatesList(request) 0.196 sec
2025-08-25 08:49:52 -  - exec CUpdateClientPartner::ParseServerData
